[2026-06-11 20:26:44] [HIGH] PERSON detected (confidence=0.66)
[2026-06-11 20:26:44] [HIGH] PERSON detected (confidence=0.93)
[2026-06-11 20:26:45] [HIGH] PERSON detected (confidence=0.92)
[2026-06-11 20:26:45] [HIGH] PERSON detected (confidence=0.93)
[2026-06-11 20:26:45] [HIGH] PERSON detected (confidence=0.92)
[2026-06-11 20:26:45] [HIGH] PERSON detected (confidence=0.93)
[2026-06-11 20:26:45] [HIGH] PERSON detected (confidence=0.93)
[2026-06-11 20:26:45] [HIGH] PERSON detected (confidence=0.94)
[2026-06-11 20:26:45] [HIGH] PERSON detected (confidence=0.93)
[2026-06-11 20:26:46] [HIGH] PERSON detected (confidence=0.92)
[2026-06-11 20:26:46] [HIGH] PERSON detected (confidence=0.91)
[2026-06-11 20:26:46] [HIGH] PERSON detected (confidence=0.91)
[2026-06-11 20:26:46] [HIGH] PERSON detected (confidence=0.92)
[2026-06-11 20:26:46] [HIGH] PERSON detected (confidence=0.91)
[2026-06-11 20:26:46] [HIGH] PERSON detected (confidence=0.90)
[2026-06-11 20:26:46] [HIGH] PERSON detected (confidence=0.91)
[2026-06-11 20:26:47] [HIGH] PERSON detected (confidence=0.91)
[2026-06-11 20:26:47] [HIGH] PERSON detected (confidence=0.91)
[2026-06-11 20:26:47] [HIGH] PERSON detected (confidence=0.90)
[2026-06-11 20:26:47] [HIGH] PERSON detected (confidence=0.92)
[2026-06-11 20:26:47] [HIGH] PERSON detected (confidence=0.92)
[2026-06-11 20:26:48] [HIGH] PERSON detected (confidence=0.91)
[2026-06-11 20:26:48] [HIGH] PERSON detected (confidence=0.91)
[2026-06-11 20:26:48] [HIGH] PERSON detected (confidence=0.85)
[2026-06-11 20:26:48] [LOW] CELL PHONE detected (confidence=0.55)
[2026-06-11 20:26:48] [HIGH] PERSON detected (confidence=0.89)
[2026-06-11 20:26:48] [HIGH] PERSON detected (confidence=0.88)
[2026-06-11 20:26:48] [HIGH] PERSON detected (confidence=0.91)
[2026-06-11 20:26:48] [HIGH] PERSON detected (confidence=0.92)
[2026-06-11 20:26:49] [HIGH] PERSON detected (confidence=0.87)
[2026-06-11 20:26:49] [HIGH] PERSON detected (confidence=0.89)
[2026-06-11 20:26:49] [HIGH] PERSON detected (confidence=0.66)
[2026-06-11 20:26:49] [HIGH] PERSON detected (confidence=0.77)
[2026-06-11 20:26:49] [HIGH] PERSON detected (confidence=0.82)
[2026-06-11 20:26:50] [HIGH] PERSON detected (confidence=0.72)
[2026-06-11 20:26:51] [LOW] CLOCK detected (confidence=0.64)
[2026-06-11 20:26:51] [LOW] CAT detected (confidence=0.65)
[2026-06-11 20:26:51] [HIGH] PERSON detected (confidence=0.87)
[2026-06-11 20:26:51] [HIGH] PERSON detected (confidence=0.93)
[2026-06-11 20:26:51] [HIGH] PERSON detected (confidence=0.86)
[2026-06-11 20:26:51] [HIGH] PERSON detected (confidence=0.89)
[2026-06-11 20:26:51] [HIGH] PERSON detected (confidence=0.83)
[2026-06-11 20:26:52] [HIGH] PERSON detected (confidence=0.79)
[2026-06-11 20:26:52] [HIGH] PERSON detected (confidence=0.92)
[2026-06-11 20:26:52] [HIGH] PERSON detected (confidence=0.91)
[2026-06-11 20:26:52] [HIGH] PERSON detected (confidence=0.92)
[2026-06-11 20:26:52] [HIGH] PERSON detected (confidence=0.93)
[2026-06-11 20:37:12] [HIGH] PERSON detected (confidence=0.85)
[2026-06-11 20:37:12] [HIGH] PERSON detected (confidence=0.89)
[2026-06-11 20:37:12] [HIGH] PERSON detected (confidence=0.87)
[2026-06-11 20:37:12] [HIGH] PERSON detected (confidence=0.87)
[2026-06-11 20:37:12] [HIGH] PERSON detected (confidence=0.88)
[2026-06-11 20:37:12] [HIGH] PERSON detected (confidence=0.86)
[2026-06-11 20:37:12] [HIGH] PERSON detected (confidence=0.90)
[2026-06-11 20:37:12] [HIGH] PERSON detected (confidence=0.89)
[2026-06-11 20:37:12] [HIGH] PERSON detected (confidence=0.87)
[2026-06-11 20:37:13] [HIGH] PERSON detected (confidence=0.88)
[2026-06-11 20:37:13] [HIGH] PERSON detected (confidence=0.88)
[2026-06-11 20:37:13] [HIGH] PERSON detected (confidence=0.90)
[2026-06-11 20:37:13] [HIGH] PERSON detected (confidence=0.90)
[2026-06-11 20:37:13] [HIGH] PERSON detected (confidence=0.89)
[2026-06-11 20:37:13] [HIGH] PERSON detected (confidence=0.92)
[2026-06-11 20:37:13] [HIGH] PERSON detected (confidence=0.90)
[2026-06-11 20:37:13] [HIGH] PERSON detected (confidence=0.92)
[2026-06-11 20:37:13] [HIGH] PERSON detected (confidence=0.92)
[2026-06-11 20:37:13] [HIGH] PERSON detected (confidence=0.87)
[2026-06-11 20:37:13] [HIGH] PERSON detected (confidence=0.89)
[2026-06-11 20:37:13] [HIGH] PERSON detected (confidence=0.88)
[2026-06-11 20:37:13] [HIGH] PERSON detected (confidence=0.88)
[2026-06-11 20:37:13] [HIGH] PERSON detected (confidence=0.88)
[2026-06-11 20:37:13] [HIGH] PERSON detected (confidence=0.88)
[2026-06-11 20:37:13] [HIGH] PERSON detected (confidence=0.88)
[2026-06-11 20:37:13] [HIGH] PERSON detected (confidence=0.89)
[2026-06-11 20:37:13] [HIGH] PERSON detected (confidence=0.89)
[2026-06-11 20:37:13] [HIGH] PERSON detected (confidence=0.88)
[2026-06-11 20:37:13] [HIGH] PERSON detected (confidence=0.88)
[2026-06-11 20:37:14] [HIGH] PERSON detected (confidence=0.87)
[2026-06-11 20:37:14] [HIGH] PERSON detected (confidence=0.89)
[2026-06-11 20:37:14] [HIGH] PERSON detected (confidence=0.87)
[2026-06-11 20:37:14] [HIGH] PERSON detected (confidence=0.89)
[2026-06-11 20:37:14] [HIGH] PERSON detected (confidence=0.88)
[2026-06-11 20:37:14] [HIGH] PERSON detected (confidence=0.89)
[2026-06-11 20:37:14] [HIGH] PERSON detected (confidence=0.89)
[2026-06-11 20:37:14] [HIGH] PERSON detected (confidence=0.88)
[2026-06-11 20:37:14] [HIGH] PERSON detected (confidence=0.88)
[2026-06-11 20:37:14] [HIGH] PERSON detected (confidence=0.88)
[2026-06-11 20:37:14] [HIGH] PERSON detected (confidence=0.88)
[2026-06-11 20:37:14] [HIGH] PERSON detected (confidence=0.88)
[2026-06-11 20:37:14] [HIGH] PERSON detected (confidence=0.91)
[2026-06-11 20:37:14] [HIGH] PERSON detected (confidence=0.91)
[2026-06-11 20:37:14] [HIGH] PERSON detected (confidence=0.94)
[2026-06-11 20:37:14] [HIGH] PERSON detected (confidence=0.94)
[2026-06-11 20:37:14] [HIGH] PERSON detected (confidence=0.95)
[2026-06-11 20:37:14] [HIGH] PERSON detected (confidence=0.95)
[2026-06-11 20:37:14] [HIGH] PERSON detected (confidence=0.93)
[2026-06-11 20:37:14] [HIGH] PERSON detected (confidence=0.95)
[2026-06-11 20:37:14] [HIGH] PERSON detected (confidence=0.94)
[2026-06-11 20:37:15] [HIGH] PERSON detected (confidence=0.94)
[2026-06-11 20:37:15] [HIGH] PERSON detected (confidence=0.94)
[2026-06-11 20:37:15] [HIGH] PERSON detected (confidence=0.93)
[2026-06-11 20:37:15] [HIGH] PERSON detected (confidence=0.93)
[2026-06-11 20:37:15] [HIGH] PERSON detected (confidence=0.89)
[2026-06-11 20:37:15] [HIGH] PERSON detected (confidence=0.89)
[2026-06-11 20:37:15] [LOW] CAT detected (confidence=0.73)
[2026-06-11 20:37:15] [LOW] CAT detected (confidence=0.74)
[2026-06-11 20:37:15] [LOW] CAT detected (confidence=0.84)
[2026-06-11 20:37:15] [LOW] CAT detected (confidence=0.84)
[2026-06-11 20:37:15] [LOW] CAT detected (confidence=0.71)
[2026-06-11 20:37:15] [HIGH] PERSON detected (confidence=0.70)
[2026-06-11 20:37:15] [HIGH] PERSON detected (confidence=0.64)
[2026-06-11 20:37:15] [HIGH] PERSON detected (confidence=0.78)
[2026-06-11 20:37:15] [HIGH] PERSON detected (confidence=0.57)
[2026-06-11 20:37:15] [HIGH] PERSON detected (confidence=0.71)
[2026-06-11 20:37:15] [HIGH] PERSON detected (confidence=0.71)
[2026-06-11 20:37:15] [HIGH] PERSON detected (confidence=0.53)
[2026-06-11 20:37:15] [HIGH] PERSON detected (confidence=0.62)
[2026-06-11 20:37:15] [HIGH] PERSON detected (confidence=0.71)
[2026-06-11 20:37:15] [HIGH] PERSON detected (confidence=0.71)
[2026-06-11 20:37:16] [LOW] CLOCK detected (confidence=0.54)
[2026-06-11 20:37:16] [LOW] CLOCK detected (confidence=0.52)
[2026-06-11 20:37:16] [LOW] CLOCK detected (confidence=0.52)
[2026-06-11 20:37:16] [LOW] CLOCK detected (confidence=0.52)
[2026-06-11 20:37:16] [LOW] CLOCK detected (confidence=0.55)
[2026-06-11 20:37:16] [LOW] CLOCK detected (confidence=0.55)
[2026-06-11 20:37:16] [LOW] CLOCK detected (confidence=0.72)
[2026-06-11 20:37:16] [LOW] CLOCK detected (confidence=0.61)
[2026-06-11 20:37:17] [LOW] CLOCK detected (confidence=0.67)
[2026-06-11 20:37:17] [LOW] CLOCK detected (confidence=0.63)
[2026-06-11 20:37:17] [LOW] CLOCK detected (confidence=0.59)
[2026-06-11 20:37:17] [LOW] CLOCK detected (confidence=0.54)
[2026-06-11 20:37:17] [LOW] CLOCK detected (confidence=0.60)
[2026-06-11 20:37:17] [LOW] CLOCK detected (confidence=0.55)
[2026-06-11 20:37:17] [LOW] CLOCK detected (confidence=0.52)
[2026-06-11 20:37:17] [LOW] CLOCK detected (confidence=0.65)
[2026-06-11 20:37:18] [LOW] CLOCK detected (confidence=0.54)
[2026-06-11 20:37:18] [LOW] CLOCK detected (confidence=0.72)
[2026-06-11 20:37:18] [LOW] CLOCK detected (confidence=0.70)
[2026-06-11 20:37:18] [LOW] CLOCK detected (confidence=0.56)
[2026-06-11 20:37:18] [LOW] CAT detected (confidence=0.64)
[2026-06-11 20:37:18] [LOW] CLOCK detected (confidence=0.55)
[2026-06-11 20:37:18] [HIGH] PERSON detected (confidence=0.69)
[2026-06-11 20:37:18] [HIGH] PERSON detected (confidence=0.53)
[2026-06-11 20:37:19] [LOW] CELL PHONE detected (confidence=0.58)
[2026-06-11 20:37:19] [HIGH] PERSON detected (confidence=0.62)
[2026-06-11 20:37:19] [LOW] CLOCK detected (confidence=0.59)
[2026-06-11 20:37:19] [HIGH] PERSON detected (confidence=0.55)
[2026-06-11 20:37:19] [HIGH] PERSON detected (confidence=0.66)
[2026-06-11 20:37:19] [HIGH] PERSON detected (confidence=0.64)
[2026-06-11 20:37:19] [LOW] CLOCK detected (confidence=0.63)
[2026-06-11 20:37:19] [HIGH] PERSON detected (confidence=0.71)
[2026-06-11 20:37:19] [HIGH] PERSON detected (confidence=0.59)
[2026-06-11 20:37:19] [LOW] CLOCK detected (confidence=0.55)
[2026-06-11 20:37:19] [HIGH] PERSON detected (confidence=0.76)
[2026-06-11 20:37:19] [LOW] REMOTE detected (confidence=0.52)
[2026-06-11 20:37:19] [HIGH] PERSON detected (confidence=0.51)
[2026-06-11 20:37:19] [LOW] CLOCK detected (confidence=0.60)
[2026-06-11 20:37:19] [HIGH] PERSON detected (confidence=0.62)
[2026-06-11 20:37:19] [LOW] CELL PHONE detected (confidence=0.91)
[2026-06-11 20:37:19] [HIGH] PERSON detected (confidence=0.61)
[2026-06-11 20:37:19] [LOW] CELL PHONE detected (confidence=0.90)
[2026-06-11 20:37:19] [HIGH] PERSON detected (confidence=0.60)
[2026-06-11 20:37:19] [LOW] CELL PHONE detected (confidence=0.90)
[2026-06-11 20:37:19] [HIGH] PERSON detected (confidence=0.64)
[2026-06-11 20:37:19] [LOW] CLOCK detected (confidence=0.54)
[2026-06-11 20:37:19] [LOW] CELL PHONE detected (confidence=0.88)
[2026-06-11 20:37:19] [HIGH] PERSON detected (confidence=0.64)
[2026-06-11 20:37:20] [LOW] CELL PHONE detected (confidence=0.87)
[2026-06-11 20:37:20] [LOW] CLOCK detected (confidence=0.65)
[2026-06-11 20:37:20] [HIGH] PERSON detected (confidence=0.64)
[2026-06-11 20:37:20] [LOW] CELL PHONE detected (confidence=0.86)
[2026-06-11 20:37:20] [HIGH] PERSON detected (confidence=0.66)
[2026-06-11 20:37:20] [LOW] CLOCK detected (confidence=0.60)
[2026-06-11 20:37:20] [LOW] CELL PHONE detected (confidence=0.89)
[2026-06-11 20:37:20] [HIGH] PERSON detected (confidence=0.69)
[2026-06-11 20:37:20] [LOW] CELL PHONE detected (confidence=0.89)
[2026-06-11 20:37:20] [HIGH] PERSON detected (confidence=0.77)
[2026-06-11 20:37:20] [LOW] CELL PHONE detected (confidence=0.89)
[2026-06-11 20:37:20] [HIGH] PERSON detected (confidence=0.66)
[2026-06-11 20:37:20] [LOW] CELL PHONE detected (confidence=0.88)
[2026-06-11 20:37:20] [HIGH] PERSON detected (confidence=0.70)
[2026-06-11 20:37:20] [LOW] CELL PHONE detected (confidence=0.88)
[2026-06-11 20:37:20] [HIGH] PERSON detected (confidence=0.61)
[2026-06-11 20:37:20] [LOW] CELL PHONE detected (confidence=0.91)
[2026-06-11 20:37:20] [HIGH] PERSON detected (confidence=0.70)
[2026-06-11 20:37:20] [LOW] CELL PHONE detected (confidence=0.91)
[2026-06-11 20:37:20] [HIGH] PERSON detected (confidence=0.64)
[2026-06-11 20:37:20] [LOW] CELL PHONE detected (confidence=0.89)
[2026-06-11 20:37:20] [HIGH] PERSON detected (confidence=0.74)
[2026-06-11 20:37:20] [LOW] CLOCK detected (confidence=0.58)
[2026-06-11 20:37:20] [LOW] CELL PHONE detected (confidence=0.90)
[2026-06-11 20:37:20] [HIGH] PERSON detected (confidence=0.73)
[2026-06-11 20:37:20] [LOW] CELL PHONE detected (confidence=0.89)
[2026-06-11 20:37:20] [HIGH] PERSON detected (confidence=0.70)
[2026-06-11 20:37:20] [LOW] CELL PHONE detected (confidence=0.85)
[2026-06-11 20:37:20] [HIGH] PERSON detected (confidence=0.65)
[2026-06-11 20:37:20] [LOW] CELL PHONE detected (confidence=0.87)
[2026-06-11 20:37:20] [HIGH] PERSON detected (confidence=0.69)
[2026-06-11 20:37:20] [LOW] CELL PHONE detected (confidence=0.90)
[2026-06-11 20:37:20] [HIGH] PERSON detected (confidence=0.73)
[2026-06-11 20:37:20] [LOW] CELL PHONE detected (confidence=0.89)
[2026-06-11 20:37:20] [HIGH] PERSON detected (confidence=0.64)
[2026-06-11 20:37:20] [LOW] CLOCK detected (confidence=0.53)
[2026-06-11 20:37:20] [LOW] CELL PHONE detected (confidence=0.88)
[2026-06-11 20:37:20] [HIGH] PERSON detected (confidence=0.69)
[2026-06-11 20:37:20] [LOW] CELL PHONE detected (confidence=0.90)
[2026-06-11 20:37:20] [HIGH] PERSON detected (confidence=0.69)
[2026-06-11 20:37:20] [LOW] CLOCK detected (confidence=0.50)
[2026-06-11 20:37:20] [LOW] CELL PHONE detected (confidence=0.89)
[2026-06-11 20:37:20] [HIGH] PERSON detected (confidence=0.80)
[2026-06-11 20:37:20] [LOW] CLOCK detected (confidence=0.66)
[2026-06-11 20:37:20] [LOW] CELL PHONE detected (confidence=0.89)
[2026-06-11 20:37:20] [HIGH] PERSON detected (confidence=0.78)
[2026-06-11 20:37:20] [LOW] CELL PHONE detected (confidence=0.91)
[2026-06-11 20:37:20] [HIGH] PERSON detected (confidence=0.75)
[2026-06-11 20:37:21] [LOW] CELL PHONE detected (confidence=0.90)
[2026-06-11 20:37:21] [HIGH] PERSON detected (confidence=0.69)
[2026-06-11 20:37:21] [LOW] CELL PHONE detected (confidence=0.92)
[2026-06-11 20:37:21] [HIGH] PERSON detected (confidence=0.70)
[2026-06-11 20:37:21] [LOW] CELL PHONE detected (confidence=0.91)
[2026-06-11 20:37:21] [HIGH] PERSON detected (confidence=0.78)
[2026-06-11 20:37:21] [LOW] CELL PHONE detected (confidence=0.90)
[2026-06-11 20:37:21] [HIGH] PERSON detected (confidence=0.68)
[2026-06-11 20:37:21] [LOW] CELL PHONE detected (confidence=0.86)
[2026-06-11 20:37:21] [HIGH] PERSON detected (confidence=0.74)
[2026-06-11 20:37:21] [LOW] CELL PHONE detected (confidence=0.93)
[2026-06-11 20:37:21] [HIGH] PERSON detected (confidence=0.70)
[2026-06-11 20:37:21] [LOW] CELL PHONE detected (confidence=0.86)
[2026-06-11 20:37:21] [HIGH] PERSON detected (confidence=0.73)
[2026-06-11 20:37:21] [LOW] CELL PHONE detected (confidence=0.82)
[2026-06-11 20:37:21] [HIGH] PERSON detected (confidence=0.76)
[2026-06-11 20:37:21] [LOW] CELL PHONE detected (confidence=0.86)
[2026-06-11 20:37:21] [HIGH] PERSON detected (confidence=0.75)
[2026-06-11 20:37:21] [LOW] CLOCK detected (confidence=0.54)
[2026-06-11 20:37:21] [LOW] CELL PHONE detected (confidence=0.88)
[2026-06-11 20:37:21] [HIGH] PERSON detected (confidence=0.84)
[2026-06-11 20:37:21] [LOW] CELL PHONE detected (confidence=0.84)
[2026-06-11 20:37:21] [HIGH] PERSON detected (confidence=0.82)
[2026-06-11 20:37:21] [LOW] CELL PHONE detected (confidence=0.89)
[2026-06-11 20:37:21] [HIGH] PERSON detected (confidence=0.74)
[2026-06-11 20:37:21] [LOW] CELL PHONE detected (confidence=0.79)
[2026-06-11 20:37:21] [HIGH] PERSON detected (confidence=0.75)
[2026-06-11 20:37:21] [LOW] CLOCK detected (confidence=0.63)
[2026-06-11 20:37:21] [LOW] CELL PHONE detected (confidence=0.82)
[2026-06-11 20:37:21] [HIGH] PERSON detected (confidence=0.75)
[2026-06-11 20:37:21] [LOW] CELL PHONE detected (confidence=0.86)
[2026-06-11 20:37:21] [HIGH] PERSON detected (confidence=0.74)
[2026-06-11 20:37:21] [HIGH] PERSON detected (confidence=0.74)
[2026-06-11 20:37:21] [LOW] CLOCK detected (confidence=0.61)
[2026-06-11 20:37:21] [HIGH] PERSON detected (confidence=0.58)
[2026-06-11 20:37:21] [HIGH] PERSON detected (confidence=0.57)
[2026-06-11 20:37:21] [HIGH] PERSON detected (confidence=0.52)
[2026-06-11 20:37:22] [LOW] CLOCK detected (confidence=0.57)
[2026-06-11 20:37:22] [LOW] CLOCK detected (confidence=0.52)
[2026-06-11 20:37:22] [LOW] CLOCK detected (confidence=0.52)
[2026-06-11 20:37:22] [LOW] CLOCK detected (confidence=0.60)
[2026-06-11 20:37:22] [LOW] CLOCK detected (confidence=0.59)
[2026-06-11 20:37:22] [LOW] CLOCK detected (confidence=0.68)
[2026-06-11 20:37:22] [LOW] CLOCK detected (confidence=0.51)
[2026-06-11 20:37:22] [LOW] CLOCK detected (confidence=0.54)
[2026-06-11 20:37:22] [LOW] CLOCK detected (confidence=0.63)
[2026-06-11 20:37:23] [HIGH] PERSON detected (confidence=0.66)
[2026-06-11 20:37:23] [LOW] CAT detected (confidence=0.54)
[2026-06-11 20:37:23] [LOW] CLOCK detected (confidence=0.54)
[2026-06-11 20:37:23] [LOW] CLOCK detected (confidence=0.59)
[2026-06-11 20:37:23] [HIGH] PERSON detected (confidence=0.65)
[2026-06-11 20:37:23] [HIGH] PERSON detected (confidence=0.60)
[2026-06-11 20:37:23] [HIGH] PERSON detected (confidence=0.76)
[2026-06-11 20:37:23] [HIGH] PERSON detected (confidence=0.74)
[2026-06-11 20:37:23] [HIGH] PERSON detected (confidence=0.73)
[2026-06-11 20:37:23] [HIGH] PERSON detected (confidence=0.75)
[2026-06-11 20:37:23] [HIGH] PERSON detected (confidence=0.76)
[2026-06-11 20:37:23] [HIGH] PERSON detected (confidence=0.79)
[2026-06-11 20:37:23] [LOW] CELL PHONE detected (confidence=0.51)
[2026-06-11 20:37:23] [HIGH] PERSON detected (confidence=0.79)
[2026-06-11 20:37:23] [LOW] CELL PHONE detected (confidence=0.51)
[2026-06-11 20:37:23] [HIGH] PERSON detected (confidence=0.73)
[2026-06-11 20:37:23] [HIGH] PERSON detected (confidence=0.77)
[2026-06-11 20:37:23] [LOW] CLOCK detected (confidence=0.53)
[2026-06-11 20:37:24] [HIGH] PERSON detected (confidence=0.71)
[2026-06-11 20:37:24] [LOW] CLOCK detected (confidence=0.60)
[2026-06-11 20:37:24] [LOW] CLOCK detected (confidence=0.65)
[2026-06-11 20:37:24] [LOW] CAT detected (confidence=0.55)
[2026-06-11 20:37:24] [LOW] CAT detected (confidence=0.78)
[2026-06-11 20:37:24] [LOW] CLOCK detected (confidence=0.64)
[2026-06-11 20:37:24] [LOW] CLOCK detected (confidence=0.60)
[2026-06-11 20:37:24] [LOW] CLOCK detected (confidence=0.60)
[2026-06-11 20:37:25] [LOW] CLOCK detected (confidence=0.72)
[2026-06-11 20:37:25] [HIGH] PERSON detected (confidence=0.58)
[2026-06-11 20:37:25] [LOW] CLOCK detected (confidence=0.59)
[2026-06-11 20:37:25] [LOW] CLOCK detected (confidence=0.57)
[2026-06-11 20:37:25] [LOW] CLOCK detected (confidence=0.61)
[2026-06-11 20:37:25] [LOW] CLOCK detected (confidence=0.63)
[2026-06-11 20:37:25] [LOW] CLOCK detected (confidence=0.61)
[2026-06-11 20:37:25] [LOW] CLOCK detected (confidence=0.70)
[2026-06-11 20:37:26] [LOW] CLOCK detected (confidence=0.53)
[2026-06-11 20:37:26] [LOW] CLOCK detected (confidence=0.55)
[2026-06-11 20:37:26] [LOW] CLOCK detected (confidence=0.55)
[2026-06-11 20:37:26] [LOW] CLOCK detected (confidence=0.54)
[2026-06-11 20:37:27] [LOW] CLOCK detected (confidence=0.70)
[2026-06-11 20:37:27] [LOW] CLOCK detected (confidence=0.53)
[2026-06-11 20:37:27] [LOW] CLOCK detected (confidence=0.53)
[2026-06-11 20:37:27] [LOW] CLOCK detected (confidence=0.53)
[2026-06-11 20:37:27] [LOW] CLOCK detected (confidence=0.64)
[2026-06-11 20:37:27] [LOW] CLOCK detected (confidence=0.65)
[2026-06-11 20:37:28] [LOW] CLOCK detected (confidence=0.70)
[2026-06-11 20:37:28] [LOW] CLOCK detected (confidence=0.57)
[2026-06-11 20:37:28] [LOW] CLOCK detected (confidence=0.68)
[2026-06-11 20:37:28] [LOW] CLOCK detected (confidence=0.58)
[2026-06-11 20:37:28] [LOW] CLOCK detected (confidence=0.62)
[2026-06-11 20:37:28] [LOW] CLOCK detected (confidence=0.52)
[2026-06-11 20:37:29] [LOW] CLOCK detected (confidence=0.54)
[2026-06-11 20:37:29] [LOW] CLOCK detected (confidence=0.57)
[2026-06-11 20:37:29] [LOW] CLOCK detected (confidence=0.62)
[2026-06-11 20:37:29] [LOW] CLOCK detected (confidence=0.52)
[2026-06-11 20:37:29] [LOW] CLOCK detected (confidence=0.54)
[2026-06-11 20:37:29] [LOW] CLOCK detected (confidence=0.58)
[2026-06-11 20:37:30] [LOW] CLOCK detected (confidence=0.58)
[2026-06-11 20:37:30] [LOW] CLOCK detected (confidence=0.56)
[2026-06-11 20:37:30] [LOW] CAT detected (confidence=0.52)
[2026-06-11 20:37:30] [LOW] CAT detected (confidence=0.55)
[2026-06-11 20:37:30] [LOW] CAT detected (confidence=0.76)
[2026-06-11 20:37:30] [LOW] CLOCK detected (confidence=0.59)
[2026-06-11 20:37:30] [HIGH] PERSON detected (confidence=0.87)
[2026-06-11 20:37:30] [HIGH] PERSON detected (confidence=0.91)
[2026-06-11 20:37:30] [HIGH] PERSON detected (confidence=0.81)
[2026-06-11 20:37:30] [HIGH] PERSON detected (confidence=0.74)
[2026-06-11 20:37:30] [HIGH] PERSON detected (confidence=0.78)
[2026-06-11 20:37:31] [HIGH] PERSON detected (confidence=0.89)
[2026-06-11 20:37:31] [HIGH] PERSON detected (confidence=0.94)
[2026-06-11 20:37:31] [HIGH] PERSON detected (confidence=0.94)
[2026-06-11 20:37:31] [HIGH] PERSON detected (confidence=0.94)
[2026-06-11 20:37:31] [HIGH] PERSON detected (confidence=0.94)
[2026-06-11 20:37:31] [HIGH] PERSON detected (confidence=0.90)
[2026-06-11 20:37:31] [HIGH] PERSON detected (confidence=0.92)
[2026-06-11 20:37:31] [HIGH] PERSON detected (confidence=0.93)
[2026-06-11 20:37:31] [HIGH] PERSON detected (confidence=0.92)
[2026-06-11 20:37:31] [HIGH] PERSON detected (confidence=0.93)
[2026-06-11 20:37:31] [HIGH] PERSON detected (confidence=0.93)
[2026-06-11 20:37:31] [HIGH] PERSON detected (confidence=0.93)
[2026-06-11 20:37:31] [HIGH] PERSON detected (confidence=0.93)
[2026-06-11 20:37:32] [HIGH] PERSON detected (confidence=0.89)
[2026-06-11 20:37:32] [HIGH] PERSON detected (confidence=0.87)
[2026-06-11 20:37:32] [HIGH] PERSON detected (confidence=0.88)
[2026-06-11 20:37:32] [HIGH] PERSON detected (confidence=0.88)
[2026-06-11 20:37:32] [HIGH] PERSON detected (confidence=0.91)
[2026-06-11 20:37:32] [HIGH] PERSON detected (confidence=0.91)
[2026-06-11 20:37:32] [HIGH] PERSON detected (confidence=0.91)
[2026-06-11 20:37:32] [HIGH] PERSON detected (confidence=0.92)
[2026-06-11 20:37:32] [HIGH] PERSON detected (confidence=0.90)
[2026-06-11 20:37:32] [HIGH] PERSON detected (confidence=0.91)
[2026-06-11 20:37:32] [HIGH] PERSON detected (confidence=0.92)
[2026-06-11 20:37:32] [HIGH] PERSON detected (confidence=0.88)
[2026-06-11 20:37:32] [HIGH] PERSON detected (confidence=0.88)
[2026-06-11 20:37:32] [HIGH] PERSON detected (confidence=0.89)
[2026-06-11 20:37:33] [HIGH] PERSON detected (confidence=0.90)
[2026-06-11 20:37:33] [HIGH] PERSON detected (confidence=0.90)
[2026-06-11 20:37:33] [HIGH] PERSON detected (confidence=0.90)
[2026-06-11 20:37:33] [HIGH] PERSON detected (confidence=0.85)
[2026-06-11 20:37:33] [HIGH] PERSON detected (confidence=0.90)
[2026-06-11 20:37:33] [HIGH] PERSON detected (confidence=0.91)
[2026-06-11 20:37:33] [HIGH] PERSON detected (confidence=0.91)
[2026-06-11 20:37:33] [HIGH] PERSON detected (confidence=0.87)
[2026-06-11 20:37:33] [HIGH] PERSON detected (confidence=0.91)
[2026-06-11 20:37:33] [HIGH] PERSON detected (confidence=0.93)
[2026-06-11 20:37:33] [HIGH] PERSON detected (confidence=0.91)
[2026-06-11 20:37:33] [HIGH] PERSON detected (confidence=0.91)
[2026-06-11 20:37:33] [HIGH] PERSON detected (confidence=0.91)
[2026-06-11 20:37:33] [HIGH] PERSON detected (confidence=0.89)
[2026-06-11 20:37:34] [HIGH] PERSON detected (confidence=0.85)
[2026-06-11 20:37:34] [HIGH] PERSON detected (confidence=0.90)
[2026-06-11 20:37:34] [HIGH] PERSON detected (confidence=0.89)
[2026-06-11 20:37:34] [HIGH] PERSON detected (confidence=0.93)
[2026-06-11 20:37:34] [HIGH] PERSON detected (confidence=0.92)
[2026-06-11 20:37:34] [HIGH] PERSON detected (confidence=0.87)
[2026-06-11 20:37:34] [HIGH] PERSON detected (confidence=0.91)
[2026-06-11 20:37:34] [HIGH] PERSON detected (confidence=0.91)
[2026-06-11 20:37:34] [HIGH] PERSON detected (confidence=0.90)
[2026-06-11 20:42:33] [HIGH] PERSON detected (confidence=0.90)
[2026-06-11 20:42:38] [LOW] CLOCK detected (confidence=0.51)
[2026-06-11 20:42:39] [LOW] CLOCK detected (confidence=0.60)
[2026-06-11 20:42:40] [LOW] CLOCK detected (confidence=0.57)
[2026-06-11 20:42:40] [LOW] CLOCK detected (confidence=0.61)
[2026-06-11 20:42:41] [LOW] CLOCK detected (confidence=0.50)
[2026-06-11 20:42:42] [LOW] CLOCK detected (confidence=0.54)
[2026-06-11 20:42:42] [LOW] CLOCK detected (confidence=0.58)
[2026-06-11 20:42:43] [LOW] CLOCK detected (confidence=0.65)
[2026-06-11 20:42:43] [LOW] CLOCK detected (confidence=0.51)
[2026-06-11 20:42:43] [HIGH] PERSON detected (confidence=0.53)
[2026-06-11 20:42:44] [LOW] CHAIR detected (confidence=0.52)
[2026-06-11 20:42:44] [LOW] CHAIR detected (confidence=0.53)
[2026-06-11 20:42:47] [LOW] BOWL detected (confidence=0.53)
[2026-06-11 20:42:47] [LOW] BOWL detected (confidence=0.52)
[2026-06-11 20:42:47] [LOW] POTTED PLANT detected (confidence=0.56)
[2026-06-11 20:42:48] [HIGH] PERSON detected (confidence=0.81)
[2026-06-11 20:42:48] [LOW] POTTED PLANT detected (confidence=0.54)
[2026-06-11 20:42:49] [LOW] CAKE detected (confidence=0.64)
[2026-06-11 20:42:50] [LOW] POTTED PLANT detected (confidence=0.54)
[2026-06-11 20:42:51] [LOW] POTTED PLANT detected (confidence=0.56)
[2026-06-11 20:42:52] [LOW] POTTED PLANT detected (confidence=0.51)
[2026-06-11 20:42:52] [LOW] POTTED PLANT detected (confidence=0.52)
[2026-06-11 20:42:57] [HIGH] PERSON detected (confidence=0.62)
[2026-06-11 20:42:58] [HIGH] PERSON detected (confidence=0.61)
[2026-06-11 20:42:59] [LOW] CLOCK detected (confidence=0.56)
[2026-06-11 20:42:59] [LOW] POTTED PLANT detected (confidence=0.62)
[2026-06-11 20:42:59] [LOW] CLOCK detected (confidence=0.63)
[2026-06-11 20:42:59] [LOW] CLOCK detected (confidence=0.54)
[2026-06-11 20:43:00] [LOW] CLOCK detected (confidence=0.59)
[2026-06-11 20:43:00] [LOW] CHAIR detected (confidence=0.50)
[2026-06-11 20:43:01] [LOW] CLOCK detected (confidence=0.56)
[2026-06-11 20:43:01] [LOW] POTTED PLANT detected (confidence=0.59)
[2026-06-11 20:43:01] [LOW] POTTED PLANT detected (confidence=0.58)
[2026-06-11 20:43:01] [LOW] CLOCK detected (confidence=0.57)
[2026-06-11 20:43:02] [LOW] CLOCK detected (confidence=0.58)
[2026-06-11 20:43:02] [LOW] POTTED PLANT detected (confidence=0.50)
[2026-06-11 20:43:02] [LOW] CLOCK detected (confidence=0.59)
[2026-06-11 20:43:03] [LOW] CLOCK detected (confidence=0.52)
[2026-06-11 20:43:03] [LOW] POTTED PLANT detected (confidence=0.53)
[2026-06-11 20:43:03] [LOW] CLOCK detected (confidence=0.54)
[2026-06-11 20:43:03] [LOW] CLOCK detected (confidence=0.59)
[2026-06-11 20:43:03] [LOW] VASE detected (confidence=0.54)
[2026-06-11 20:43:03] [LOW] CLOCK detected (confidence=0.50)
[2026-06-11 20:43:04] [LOW] CLOCK detected (confidence=0.50)
[2026-06-11 20:43:04] [LOW] CLOCK detected (confidence=0.59)
[2026-06-11 20:43:04] [LOW] POTTED PLANT detected (confidence=0.54)
[2026-06-11 20:43:04] [LOW] CLOCK detected (confidence=0.54)
[2026-06-11 20:43:05] [LOW] CLOCK detected (confidence=0.57)
[2026-06-11 20:43:05] [LOW] POTTED PLANT detected (confidence=0.54)
[2026-06-11 20:43:05] [LOW] CLOCK detected (confidence=0.54)
[2026-06-11 20:43:06] [LOW] CLOCK detected (confidence=0.61)
[2026-06-11 20:43:06] [LOW] POTTED PLANT detected (confidence=0.57)
[2026-06-11 20:43:06] [LOW] CLOCK detected (confidence=0.53)
[2026-06-11 20:43:06] [LOW] CLOCK detected (confidence=0.62)
[2026-06-11 20:43:06] [HIGH] PERSON detected (confidence=0.61)
[2026-06-11 20:43:07] [LOW] CLOCK detected (confidence=0.53)
[2026-06-11 20:43:08] [HIGH] PERSON detected (confidence=0.50)
[2026-06-11 20:43:08] [HIGH] PERSON detected (confidence=0.50)
[2026-06-11 20:43:08] [HIGH] PERSON detected (confidence=0.50)
[2026-06-11 20:43:09] [HIGH] PERSON detected (confidence=0.58)
[2026-06-11 20:43:10] [LOW] CLOCK detected (confidence=0.55)
[2026-06-11 20:43:10] [LOW] CLOCK detected (confidence=0.58)
[2026-06-11 20:43:10] [LOW] CLOCK detected (confidence=0.51)
[2026-06-11 20:43:11] [LOW] POTTED PLANT detected (confidence=0.57)
[2026-06-11 20:43:11] [LOW] CAT detected (confidence=0.77)
[2026-06-11 20:43:12] [LOW] VASE detected (confidence=0.55)
[2026-06-11 20:43:13] [LOW] CAT detected (confidence=0.55)
[2026-06-11 20:43:14] [LOW] VASE detected (confidence=0.57)
[2026-06-11 20:43:14] [LOW] VASE detected (confidence=0.65)
[2026-06-11 20:43:15] [LOW] VASE detected (confidence=0.55)
[2026-06-11 20:43:16] [HIGH] PERSON detected (confidence=0.82)
[2026-06-11 20:43:20] [HIGH] PERSON detected (confidence=0.70)
[2026-06-11 20:44:12] [HIGH] PERSON detected (confidence=0.93)
[2026-06-11 20:44:14] [HIGH] PERSON detected (confidence=0.71)
[2026-06-11 20:44:14] [HIGH] PERSON detected (confidence=0.73)
[2026-06-11 20:44:14] [LOW] POTTED PLANT detected (confidence=0.51)
[2026-06-11 20:44:14] [HIGH] PERSON detected (confidence=0.73)
[2026-06-11 20:44:14] [LOW] POTTED PLANT detected (confidence=0.63)
[2026-06-11 20:44:15] [LOW] POTTED PLANT detected (confidence=0.54)
[2026-06-11 20:44:16] [LOW] VASE detected (confidence=0.73)
[2026-06-11 20:44:16] [LOW] POTTED PLANT detected (confidence=0.57)
[2026-06-11 20:44:16] [LOW] VASE detected (confidence=0.62)
[2026-06-11 20:44:16] [LOW] POTTED PLANT detected (confidence=0.73)
[2026-06-11 20:44:16] [LOW] VASE detected (confidence=0.56)
[2026-06-11 20:44:17] [LOW] POTTED PLANT detected (confidence=0.61)
[2026-06-11 20:44:17] [LOW] VASE detected (confidence=0.52)
[2026-06-11 20:44:17] [LOW] VASE detected (confidence=0.56)
[2026-06-11 20:44:17] [LOW] POTTED PLANT detected (confidence=0.56)
[2026-06-11 20:44:17] [LOW] VASE detected (confidence=0.71)
[2026-06-11 20:44:17] [LOW] VASE detected (confidence=0.57)
[2026-06-11 20:44:17] [LOW] POTTED PLANT detected (confidence=0.53)
[2026-06-11 20:44:18] [LOW] VASE detected (confidence=0.66)
[2026-06-11 20:44:18] [LOW] VASE detected (confidence=0.59)
[2026-06-11 20:44:19] [LOW] VASE detected (confidence=0.57)
[2026-06-11 20:44:19] [LOW] VASE detected (confidence=0.67)
[2026-06-11 20:44:19] [LOW] VASE detected (confidence=0.74)
[2026-06-11 20:44:20] [LOW] VASE detected (confidence=0.77)
[2026-06-11 20:44:20] [LOW] CHAIR detected (confidence=0.59)
[2026-06-11 20:44:20] [LOW] CHAIR detected (confidence=0.65)
[2026-06-11 20:44:21] [LOW] VASE detected (confidence=0.53)
[2026-06-11 20:44:22] [HIGH] PERSON detected (confidence=0.62)
[2026-06-11 20:44:23] [LOW] CAT detected (confidence=0.53)
[2026-06-11 20:44:26] [LOW] CLOCK detected (confidence=0.53)
[2026-06-11 20:44:28] [LOW] TOILET detected (confidence=0.70)
[2026-06-11 20:44:28] [LOW] CHAIR detected (confidence=0.65)
[2026-06-11 20:44:28] [LOW] TOILET detected (confidence=0.71)
[2026-06-11 20:44:28] [LOW] CHAIR detected (confidence=0.50)
[2026-06-11 20:44:28] [LOW] CHAIR detected (confidence=0.58)
[2026-06-11 20:44:29] [LOW] TOILET detected (confidence=0.61)
[2026-06-11 20:44:29] [LOW] CHAIR detected (confidence=0.68)
[2026-06-11 20:44:29] [LOW] TOILET detected (confidence=0.63)
[2026-06-11 20:44:29] [LOW] CHAIR detected (confidence=0.71)
[2026-06-11 20:44:29] [LOW] TOILET detected (confidence=0.60)
[2026-06-11 20:44:29] [LOW] CHAIR detected (confidence=0.52)
[2026-06-11 20:44:29] [LOW] TOILET detected (confidence=0.64)
[2026-06-11 20:44:29] [LOW] TOILET detected (confidence=0.75)
[2026-06-11 20:44:29] [LOW] CHAIR detected (confidence=0.61)
[2026-06-11 20:44:30] [LOW] CHAIR detected (confidence=0.57)
[2026-06-11 20:44:30] [LOW] TOILET detected (confidence=0.58)
[2026-06-11 20:44:30] [LOW] CHAIR detected (confidence=0.79)
[2026-06-11 20:44:30] [LOW] TOILET detected (confidence=0.60)
[2026-06-11 20:44:30] [LOW] CHAIR detected (confidence=0.68)
[2026-06-11 20:44:30] [LOW] CHAIR detected (confidence=0.75)
[2026-06-11 20:44:31] [LOW] TOILET detected (confidence=0.65)
[2026-06-11 20:44:31] [LOW] TOILET detected (confidence=0.56)
[2026-06-11 20:44:31] [LOW] CHAIR detected (confidence=0.58)
[2026-06-11 20:44:31] [LOW] TOILET detected (confidence=0.61)
[2026-06-11 20:44:31] [LOW] TOILET detected (confidence=0.65)
[2026-06-11 20:44:31] [LOW] CHAIR detected (confidence=0.55)
[2026-06-11 20:44:31] [LOW] CLOCK detected (confidence=0.64)
[2026-06-11 20:44:31] [LOW] TOILET detected (confidence=0.61)
[2026-06-11 20:44:35] [LOW] TOILET detected (confidence=0.68)
[2026-06-11 20:44:35] [LOW] TOILET detected (confidence=0.63)
[2026-06-11 20:44:35] [LOW] TOILET detected (confidence=0.59)
[2026-06-11 20:44:36] [LOW] TOILET detected (confidence=0.51)
[2026-06-11 20:44:36] [LOW] TOILET detected (confidence=0.50)
[2026-06-11 20:44:36] [HIGH] PERSON detected (confidence=0.51)
[2026-06-11 20:44:36] [HIGH] PERSON detected (confidence=0.59)
[2026-06-11 20:44:36] [LOW] TOILET detected (confidence=0.59)
[2026-06-11 20:44:36] [LOW] TOILET detected (confidence=0.53)
[2026-06-11 20:44:37] [HIGH] PERSON detected (confidence=0.64)
[2026-06-11 20:44:37] [LOW] TOILET detected (confidence=0.52)
[2026-06-11 20:44:37] [HIGH] PERSON detected (confidence=0.56)
[2026-06-11 20:44:38] [HIGH] PERSON detected (confidence=0.52)
[2026-06-11 20:44:38] [LOW] TOILET detected (confidence=0.56)
[2026-06-11 20:44:38] [HIGH] PERSON detected (confidence=0.83)
[2026-06-11 20:44:39] [HIGH] PERSON detected (confidence=0.51)
[2026-06-11 20:44:39] [LOW] TOILET detected (confidence=0.63)
[2026-06-11 20:44:39] [HIGH] PERSON detected (confidence=0.52)
[2026-06-11 20:44:39] [LOW] TOILET detected (confidence=0.65)
[2026-06-11 20:44:39] [HIGH] PERSON detected (confidence=0.57)
[2026-06-11 20:44:40] [HIGH] PERSON detected (confidence=0.77)
[2026-06-11 20:44:41] [HIGH] PERSON detected (confidence=0.62)
[2026-06-11 20:44:41] [LOW] CUP detected (confidence=0.50)
[2026-06-11 20:44:43] [LOW] CAT detected (confidence=0.73)
[2026-06-11 20:44:43] [HIGH] PERSON detected (confidence=0.86)
